<?xml version="1.0" encoding="UTF-8"?>
<!-- Generated by org.testng.reporters.JUnitReportReporter -->
<testsuite skipped="0" hostname="LAPTOP-07J8ICVE" name="com.crm.sample.practice.CreateContactTest" tests="2" failures="0" timestamp="2022-07-14T18:09:38 IST" time="0.010" errors="0">
  <testcase name="deletContactAndverify" time="0.001" classname="com.crm.sample.practice.CreateContactTest"/>
  <system-out/>
  <testcase name="creatContact" time="0.009" classname="com.crm.sample.practice.CreateContactTest"/>
  <system-out/>
</testsuite> <!-- com.crm.sample.practice.CreateContactTest -->
